
/home/runner/work/exp-inverted-pendulum-system-iitkgp/exp-inverted-pendulum-system-iitkgp/experiment/simulation/js/PC.js
   18:12  warning  'crane_ctrl_pics1' is defined but never used  no-unused-vars
   19:1   warning  Mixed spaces and tabs                         no-mixed-spaces-and-tabs
   24:1   warning  Mixed spaces and tabs                         no-mixed-spaces-and-tabs
   27:13  warning  'crane_ctrl_pics2' is defined but never used  no-unused-vars
   28:1   warning  Mixed spaces and tabs                         no-mixed-spaces-and-tabs
   38:1   warning  Mixed spaces and tabs                         no-mixed-spaces-and-tabs
   41:12  warning  'crane_ctrl_pics3' is defined but never used  no-unused-vars
   42:1   warning  Mixed spaces and tabs                         no-mixed-spaces-and-tabs
   52:1   warning  Mixed spaces and tabs                         no-mixed-spaces-and-tabs
   55:12  warning  'showpic1' is defined but never used          no-unused-vars
   67:1   warning  Mixed spaces and tabs                         no-mixed-spaces-and-tabs
   70:12  warning  'showpic2' is defined but never used          no-unused-vars
   82:1   warning  Mixed spaces and tabs                         no-mixed-spaces-and-tabs
   83:1   warning  Mixed spaces and tabs                         no-mixed-spaces-and-tabs
   97:12  warning  'set_trajectory' is defined but never used    no-unused-vars
   98:1   warning  Mixed spaces and tabs                         no-mixed-spaces-and-tabs
  101:1   warning  Mixed spaces and tabs                         no-mixed-spaces-and-tabs
  104:12  warning  'set_trajectory1' is defined but never used   no-unused-vars
  105:1   warning  Mixed spaces and tabs                         no-mixed-spaces-and-tabs
  108:1   warning  Mixed spaces and tabs                         no-mixed-spaces-and-tabs
  110:12  warning  'set_trajectory2' is defined but never used   no-unused-vars
  111:1   warning  Mixed spaces and tabs                         no-mixed-spaces-and-tabs
  116:12  warning  'close_trajectory' is defined but never used  no-unused-vars
  126:2   warning  Mixed spaces and tabs                         no-mixed-spaces-and-tabs
  132:12  warning  'back' is defined but never used              no-unused-vars
  150:12  warning  'ponoff' is defined but never used            no-unused-vars
  160:1   warning  Mixed spaces and tabs                         no-mixed-spaces-and-tabs
  163:12  warning  'pgon' is defined but never used              no-unused-vars
  171:12  warning  'pgoff' is defined but never used             no-unused-vars
  185:1   warning  Mixed spaces and tabs                         no-mixed-spaces-and-tabs
  214:8   warning  'movepend' is defined but never used          no-unused-vars
  217:10  warning  'start' is defined but never used             no-unused-vars
  225:1   warning  Mixed spaces and tabs                         no-mixed-spaces-and-tabs
  247:1   warning  Mixed spaces and tabs                         no-mixed-spaces-and-tabs
  248:1   warning  Mixed spaces and tabs                         no-mixed-spaces-and-tabs
  249:1   warning  Mixed spaces and tabs                         no-mixed-spaces-and-tabs
  250:1   warning  Mixed spaces and tabs                         no-mixed-spaces-and-tabs
  271:1   warning  Mixed spaces and tabs                         no-mixed-spaces-and-tabs
  272:1   warning  Mixed spaces and tabs                         no-mixed-spaces-and-tabs
  273:1   warning  Mixed spaces and tabs                         no-mixed-spaces-and-tabs
  274:1   warning  Mixed spaces and tabs                         no-mixed-spaces-and-tabs
  275:1   warning  Mixed spaces and tabs                         no-mixed-spaces-and-tabs
  276:1   warning  Mixed spaces and tabs                         no-mixed-spaces-and-tabs
  277:1   warning  Mixed spaces and tabs                         no-mixed-spaces-and-tabs
  277:13  warning  'stop' is defined but never used              no-unused-vars
  279:2   warning  Mixed spaces and tabs                         no-mixed-spaces-and-tabs
  280:2   warning  Mixed spaces and tabs                         no-mixed-spaces-and-tabs
  282:2   warning  Mixed spaces and tabs                         no-mixed-spaces-and-tabs
  287:2   warning  Mixed spaces and tabs                         no-mixed-spaces-and-tabs
  289:2   warning  Mixed spaces and tabs                         no-mixed-spaces-and-tabs
  294:2   warning  Mixed spaces and tabs                         no-mixed-spaces-and-tabs
  297:2   warning  Mixed spaces and tabs                         no-mixed-spaces-and-tabs
  301:10  warning  'Build' is defined but never used             no-unused-vars
  307:11  warning  'CT' is defined but never used                no-unused-vars
  313:9   warning  Mixed spaces and tabs                         no-mixed-spaces-and-tabs
  416:18  warning  'CanvasJS' is not defined                     no-undef
  419:2   warning  Mixed spaces and tabs                         no-mixed-spaces-and-tabs
  420:1   warning  Mixed spaces and tabs                         no-mixed-spaces-and-tabs
  422:1   warning  Mixed spaces and tabs                         no-mixed-spaces-and-tabs
  424:1   warning  Mixed spaces and tabs                         no-mixed-spaces-and-tabs
  425:1   warning  Mixed spaces and tabs                         no-mixed-spaces-and-tabs
  430:1   warning  Mixed spaces and tabs                         no-mixed-spaces-and-tabs
  461:19  warning  'CanvasJS' is not defined                     no-undef
  464:2   warning  Mixed spaces and tabs                         no-mixed-spaces-and-tabs
  465:1   warning  Mixed spaces and tabs                         no-mixed-spaces-and-tabs
  467:1   warning  Mixed spaces and tabs                         no-mixed-spaces-and-tabs
  469:1   warning  Mixed spaces and tabs                         no-mixed-spaces-and-tabs
  470:1   warning  Mixed spaces and tabs                         no-mixed-spaces-and-tabs
  475:1   warning  Mixed spaces and tabs                         no-mixed-spaces-and-tabs
  518:6   warning  'Amp' is assigned a value but never used      no-unused-vars
  529:10  warning  'math' is not defined                         no-undef
  530:10  warning  'math' is not defined                         no-undef
  530:19  warning  'math' is not defined                         no-undef
  531:17  warning  'math' is not defined                         no-undef
  533:10  warning  'math' is not defined                         no-undef
  534:10  warning  'math' is not defined                         no-undef
  535:10  warning  'math' is not defined                         no-undef
  536:10  warning  'math' is not defined                         no-undef
  536:19  warning  'math' is not defined                         no-undef
  538:10  warning  'math' is not defined                         no-undef
  539:10  warning  'math' is not defined                         no-undef
  540:10  warning  'math' is not defined                         no-undef
  541:10  warning  'math' is not defined                         no-undef
  541:19  warning  'math' is not defined                         no-undef
  542:10  warning  'math' is not defined                         no-undef
  544:17  warning  'math' is not defined                         no-undef
  546:10  warning  'math' is not defined                         no-undef
  571:9   warning  't' is already defined                        no-redeclare
  574:10  warning  'math' is not defined                         no-undef
  575:10  warning  'math' is not defined                         no-undef
  575:19  warning  'math' is not defined                         no-undef
  576:18  warning  'math' is not defined                         no-undef
  578:10  warning  'math' is not defined                         no-undef
  579:10  warning  'math' is not defined                         no-undef
  580:10  warning  'math' is not defined                         no-undef
  581:10  warning  'math' is not defined                         no-undef
  581:19  warning  'math' is not defined                         no-undef
  583:10  warning  'math' is not defined                         no-undef
  584:10  warning  'math' is not defined                         no-undef
  585:10  warning  'math' is not defined                         no-undef
  586:10  warning  'math' is not defined                         no-undef
  586:19  warning  'math' is not defined                         no-undef
  587:10  warning  'math' is not defined                         no-undef
  589:18  warning  'math' is not defined                         no-undef
  591:11  warning  'math' is not defined                         no-undef
  603:18  warning  'CanvasJS' is not defined                     no-undef
  606:2   warning  Mixed spaces and tabs                         no-mixed-spaces-and-tabs
  607:1   warning  Mixed spaces and tabs                         no-mixed-spaces-and-tabs
  609:1   warning  Mixed spaces and tabs                         no-mixed-spaces-and-tabs
  611:1   warning  Mixed spaces and tabs                         no-mixed-spaces-and-tabs
  612:1   warning  Mixed spaces and tabs                         no-mixed-spaces-and-tabs
  618:1   warning  Mixed spaces and tabs                         no-mixed-spaces-and-tabs
  649:19  warning  'CanvasJS' is not defined                     no-undef
  652:2   warning  Mixed spaces and tabs                         no-mixed-spaces-and-tabs
  653:1   warning  Mixed spaces and tabs                         no-mixed-spaces-and-tabs
  655:1   warning  Mixed spaces and tabs                         no-mixed-spaces-and-tabs
  657:1   warning  Mixed spaces and tabs                         no-mixed-spaces-and-tabs
  658:1   warning  Mixed spaces and tabs                         no-mixed-spaces-and-tabs
  663:1   warning  Mixed spaces and tabs                         no-mixed-spaces-and-tabs
  708:10  warning  'simu1' is defined but never used             no-unused-vars
  730:10  warning  'simu2' is defined but never used             no-unused-vars
  750:10  warning  'rotate_pend' is defined but never used       no-unused-vars
  760:10  warning  'swingUp' is defined but never used           no-unused-vars
  776:11  warning  'Refresh' is defined but never used           no-unused-vars

✖ 124 problems (0 errors, 124 warnings)

